0 info it worked if it ends with ok
1 verbose cli [ 'C:\\Program Files\\nodejs\\node.exe',
1 verbose cli   'C:\\Users\\brazi\\AppData\\Roaming\\npm\\node_modules\\npm\\bin\\npm-cli.js',
1 verbose cli   'publish' ]
2 info using npm@3.10.8
3 info using node@v8.1.2
4 verbose publish [ '.' ]
5 silly cache add args [ '.', null ]
6 verbose cache add spec .
7 silly cache add parsed spec Result {
7 silly cache add   raw: '.',
7 silly cache add   scope: null,
7 silly cache add   escapedName: null,
7 silly cache add   name: null,
7 silly cache add   rawSpec: '.',
7 silly cache add   spec: 'C:\\wamp64\\www\\github\\pokemon-party',
7 silly cache add   type: 'directory' }
8 verbose addLocalDirectory C:\Users\brazi\AppData\Roaming\npm-cache\pokemon-party\0.0.2\package.tgz not in flight; packing
9 verbose correctMkdir C:\Users\brazi\AppData\Roaming\npm-cache correctMkdir not in flight; initializing
10 info lifecycle pokemon-party@0.0.2~prepublish: pokemon-party@0.0.2
11 silly lifecycle pokemon-party@0.0.2~prepublish: no script for prepublish, continuing
12 verbose tar pack [ 'C:\\Users\\brazi\\AppData\\Roaming\\npm-cache\\pokemon-party\\0.0.2\\package.tgz',
12 verbose tar pack   'C:\\wamp64\\www\\github\\pokemon-party' ]
13 verbose tarball C:\Users\brazi\AppData\Roaming\npm-cache\pokemon-party\0.0.2\package.tgz
14 verbose folder C:\wamp64\www\github\pokemon-party
15 verbose addLocalTarball adding from inside cache C:\Users\brazi\AppData\Roaming\npm-cache\pokemon-party\0.0.2\package.tgz
16 verbose correctMkdir C:\Users\brazi\AppData\Roaming\npm-cache correctMkdir not in flight; initializing
17 silly cache afterAdd pokemon-party@0.0.2
18 verbose afterAdd C:\Users\brazi\AppData\Roaming\npm-cache\pokemon-party\0.0.2\package\package.json not in flight; writing
19 verbose correctMkdir C:\Users\brazi\AppData\Roaming\npm-cache correctMkdir not in flight; initializing
20 verbose afterAdd C:\Users\brazi\AppData\Roaming\npm-cache\pokemon-party\0.0.2\package\package.json written
21 silly publish { name: 'pokemon-party',
21 silly publish   version: '0.0.2',
21 silly publish   description: 'Pokémon Party Tool to display to your live stream the Pokémon in your party.',
21 silly publish   main: 'app.js',
21 silly publish   scripts:
21 silly publish    { test: 'echo "Error: no test specified" && exit 1',
21 silly publish      start: 'node app.js' },
21 silly publish   repository:
21 silly publish    { type: 'git',
21 silly publish      url: 'git+https://github.com/Pedrolian/pokemon-party.git' },
21 silly publish   keywords:
21 silly publish    [ 'pokemon',
21 silly publish      'pokémon',
21 silly publish      'party',
21 silly publish      'tool',
21 silly publish      'obs',
21 silly publish      'xsplit',
21 silly publish      'stream',
21 silly publish      'twitch' ],
21 silly publish   author: { name: 'Pedrolian' },
21 silly publish   license: 'MIT',
21 silly publish   bugs: { url: 'https://github.com/Pedrolian/pokemon-party/issues' },
21 silly publish   homepage: 'https://github.com/Pedrolian/pokemon-party#readme',
21 silly publish   dependencies:
21 silly publish    { awesomplete: '^1.1.2',
21 silly publish      bootstrap: '^3.3.7',
21 silly publish      ejs: '^2.5.7',
21 silly publish      express: '^4.16.2',
21 silly publish      jquery: '^3.2.1',
21 silly publish      randomstring: '^1.1.5',
21 silly publish      'reset-css': '^2.2.1',
21 silly publish      'socket.io': '^2.0.4' },
21 silly publish   readme: '# pokemon-party\r\nPokémon Party Tool to display to your livestream the Pokémon in your party.\r\n\r\n### Prerequisites\r\n\r\n* [NodeJS](https://nodejs.org/en/) - NodeJS v.8.7.0\r\n\r\n### Installing\r\n\r\nRun npm install to download dependencies.\r\n```\r\nnpm install\r\n```\r\n\r\nRun npm start to start the server\r\n```\r\nnpm start\r\n```\r\n\r\nView in browser\r\n```\r\nhttp://localhost:4200/\r\n```\r\n\r\n## License\r\n\r\nThis project is licensed under the MIT License - see the [LICENSE.md](LICENSE.md) file for details.\r\n\r\nPokémon images & names © 1995-2017 Nintendo/Game Freak.',
21 silly publish   readmeFilename: 'README.md',
21 silly publish   gitHead: '1e7ed871bc1d2496bc22479ef79e3427da26aa98',
21 silly publish   _id: 'pokemon-party@0.0.2',
21 silly publish   _shasum: '042fb145d1fe8f9f38679a8dd078025edb465289',
21 silly publish   _from: '.' }
22 verbose getPublishConfig undefined
23 silly mapToRegistry name pokemon-party
24 silly mapToRegistry using default registry
25 silly mapToRegistry registry https://registry.npmjs.org/
26 silly mapToRegistry data Result {
26 silly mapToRegistry   raw: 'pokemon-party',
26 silly mapToRegistry   scope: null,
26 silly mapToRegistry   escapedName: 'pokemon-party',
26 silly mapToRegistry   name: 'pokemon-party',
26 silly mapToRegistry   rawSpec: '',
26 silly mapToRegistry   spec: 'latest',
26 silly mapToRegistry   type: 'tag' }
27 silly mapToRegistry uri https://registry.npmjs.org/pokemon-party
28 verbose publish registryBase https://registry.npmjs.org/
29 silly publish uploading C:\Users\brazi\AppData\Roaming\npm-cache\pokemon-party\0.0.2\package.tgz
30 verbose stack Error: auth required for publishing
30 verbose stack     at CachingRegistryClient.publish (C:\Users\brazi\AppData\Roaming\npm\node_modules\npm\node_modules\npm-registry-client\lib\publish.js:30:14)
30 verbose stack     at C:\Users\brazi\AppData\Roaming\npm\node_modules\npm\lib\publish.js:138:14
30 verbose stack     at mapToRegistry (C:\Users\brazi\AppData\Roaming\npm\node_modules\npm\lib\utils\map-to-registry.js:62:3)
30 verbose stack     at publish_ (C:\Users\brazi\AppData\Roaming\npm\node_modules\npm\lib\publish.js:107:3)
30 verbose stack     at Array.<anonymous> (C:\Users\brazi\AppData\Roaming\npm\node_modules\npm\node_modules\slide\lib\bind-actor.js:15:8)
30 verbose stack     at LOOP (C:\Users\brazi\AppData\Roaming\npm\node_modules\npm\node_modules\slide\lib\chain.js:15:14)
30 verbose stack     at LOOP (C:\Users\brazi\AppData\Roaming\npm\node_modules\npm\node_modules\slide\lib\chain.js:14:28)
30 verbose stack     at chain (C:\Users\brazi\AppData\Roaming\npm\node_modules\npm\node_modules\slide\lib\chain.js:20:5)
30 verbose stack     at C:\Users\brazi\AppData\Roaming\npm\node_modules\npm\lib\publish.js:73:5
30 verbose stack     at RES (C:\Users\brazi\AppData\Roaming\npm\node_modules\npm\node_modules\inflight\inflight.js:23:14)
31 verbose cwd C:\wamp64\www\github\pokemon-party
32 error Windows_NT 10.0.16299
33 error argv "C:\\Program Files\\nodejs\\node.exe" "C:\\Users\\brazi\\AppData\\Roaming\\npm\\node_modules\\npm\\bin\\npm-cli.js" "publish"
34 error node v8.1.2
35 error npm  v3.10.8
36 error code ENEEDAUTH
37 error need auth auth required for publishing
38 error need auth You need to authorize this machine using `npm adduser`
39 verbose exit [ 1, true ]
